<?xml version="1.0" encoding="UTF-8"?>
<!-- Generated by org.testng.reporters.JUnitReportReporter -->
<testsuite hostname="DESKTOP-FQFPM4O" failures="0" tests="1" name="com.abi.test.pageobject.Tests.BannersTest" time="26.718" errors="0" timestamp="21 Apr 2024 04:30:21 GMT" skipped="0">
  <testcase classname="com.abi.test.pageobject.Tests.BannersTest" name="BannersAddTest" time="26.718"/>
</testsuite> <!-- com.abi.test.pageobject.Tests.BannersTest -->
