<?xml version="1.0" encoding="UTF-8"?>
<!-- Generated by org.testng.reporters.JUnitReportReporter -->
<testsuite hostname="DESKTOP-FQFPM4O" failures="0" tests="1" name="com.abi.test.pageobject.Tests.CusermerBookingTest" time="28.705" errors="0" timestamp="23 Apr 2024 23:31:45 GMT" skipped="0">
  <testcase classname="com.abi.test.pageobject.Tests.CusermerBookingTest" name="RoomBooking" time="28.705"/>
</testsuite> <!-- com.abi.test.pageobject.Tests.CusermerBookingTest -->
