<?xml version="1.0" encoding="UTF-8"?>
<!-- Generated by org.testng.reporters.JUnitReportReporter -->
<testsuite hostname="DESKTOP-FQFPM4O" failures="0" tests="2" name="com.abi.test.pageobject.Tests.LoginTest" time="17.173" errors="0" timestamp="11 Apr 2024 08:14:59 GMT" skipped="0">
  <testcase classname="com.abi.test.pageobject.Tests.LoginTest" name="LoginPagevalidTest" time="9.127"/>
  <testcase classname="com.abi.test.pageobject.Tests.LoginTest" name="LoginPagevalidTest" time="8.046"/>
</testsuite> <!-- com.abi.test.pageobject.Tests.LoginTest -->
