<?xml version="1.0" encoding="UTF-8"?>
<!-- Generated by org.testng.reporters.JUnitReportReporter -->
<testsuite hostname="DESKTOP-FQFPM4O" failures="0" tests="1" name="com.abi.test.pageobject.Tests.RegisterUserTest" time="0.000" errors="0" timestamp="10 Apr 2024 10:06:07 GMT" skipped="1">
  <testcase classname="com.abi.test.pageobject.Tests.RegisterUserTest" name="RegisterPageWithExcelTest" time="0.000">
    <skipped/>
  </testcase> <!-- RegisterPageWithExcelTest -->
</testsuite> <!-- com.abi.test.pageobject.Tests.RegisterUserTest -->
