<?xml version="1.0" encoding="UTF-8"?>
<!-- Generated by org.testng.reporters.JUnitReportReporter -->
<testsuite hostname="DESKTOP-FQFPM4O" failures="0" tests="1" name="com.abi.test.pageobject.Tests.RoomTypeTest" time="145.759" errors="0" timestamp="25 Apr 2024 15:23:52 GMT" skipped="0">
  <testcase classname="com.abi.test.pageobject.Tests.RoomTypeTest" name="RoomTypeAddTest" time="145.759"/>
</testsuite> <!-- com.abi.test.pageobject.Tests.RoomTypeTest -->
