<?xml version="1.0" encoding="UTF-8"?>
<!-- Generated by org.testng.reporters.JUnitReportReporter -->
<testsuite hostname="DESKTOP-FQFPM4O" failures="0" tests="1"
	name="com.abi.test.pageobject.Tests.DashBoardTest" time="66.703" errors="0"
	timestamp="30 Mar 2024 08:18:03 GMT" skipped="0">
	<testcase classname="com.abi.test.pageobject.Tests.DashBoardTest"
		name="DashBoardTest" time="66.703" />
</testsuite> <!--
com.abi.test.pageobject.Tests.DashBoardTest -->
